<?xml version="1.0" encoding="UTF-8"?>
<!-- Generated by org.testng.reporters.JUnitReportReporter -->
<testsuite skipped="0" hostname="Roly" name="TestNG.TestNgLogin_correcto" tests="1" failures="0" timestamp="2021-09-11T12:11:59 CLST" time="0.131" errors="0">
  <testcase name="login" time="0.131" classname="TestNG.TestNgLogin_correcto"/>
  <system-out/>
</testsuite> <!-- TestNG.TestNgLogin_correcto -->
