<?xml version="1.0" encoding="UTF-8"?>
<!-- Generated by org.testng.reporters.JUnitReportReporter -->
<testsuite skipped="0" hostname="Roly" name="TestRunner.Runner_LoginCorrecto" tests="1" failures="0" timestamp="2021-09-11T11:22:13 CLST" time="6.933" errors="0">
  <testcase name="runScenario" time="6.933" classname="TestRunner.Runner_LoginCorrecto"/>
  <system-out/>
</testsuite> <!-- TestRunner.Runner_LoginCorrecto -->
